Performing C SOURCE FILE Test CMAKE_HAVE_LIBC_PTHREAD failed with the following output:
Change Dir: /home/haost/Рабочий стол/algo/build/CMakeFiles/CMakeTmp

Run Build Command(s):/usr/bin/make cmTC_0d503/fast && /usr/bin/make  -f CMakeFiles/cmTC_0d503.dir/build.make CMakeFiles/cmTC_0d503.dir/build
make[1]: вход в каталог «/home/haost/Рабочий стол/algo/build/CMakeFiles/CMakeTmp»
Building C object CMakeFiles/cmTC_0d503.dir/src.c.o
/usr/bin/cc   -DCMAKE_HAVE_LIBC_PTHREAD -o CMakeFiles/cmTC_0d503.dir/src.c.o -c "/home/haost/Рабочий стол/algo/build/CMakeFiles/CMakeTmp/src.c"
Linking C executable cmTC_0d503
/snap/cmake/619/bin/cmake -E cmake_link_script CMakeFiles/cmTC_0d503.dir/link.txt --verbose=1
/usr/bin/cc  -DCMAKE_HAVE_LIBC_PTHREAD -rdynamic CMakeFiles/cmTC_0d503.dir/src.c.o -o cmTC_0d503 
/usr/bin/ld: CMakeFiles/cmTC_0d503.dir/src.c.o: в функции «main»:
src.c:(.text+0x46): неопределённая ссылка на «pthread_create»
/usr/bin/ld: src.c:(.text+0x52): неопределённая ссылка на «pthread_detach»
/usr/bin/ld: src.c:(.text+0x5e): неопределённая ссылка на «pthread_cancel»
/usr/bin/ld: src.c:(.text+0x6f): неопределённая ссылка на «pthread_join»
collect2: error: ld returned 1 exit status
make[1]: *** [CMakeFiles/cmTC_0d503.dir/build.make:106: cmTC_0d503] Ошибка 1
make[1]: выход из каталога «/home/haost/Рабочий стол/algo/build/CMakeFiles/CMakeTmp»
make: *** [Makefile:140: cmTC_0d503/fast] Ошибка 2


Source file was:
#include <pthread.h>

void* test_func(void* data)
{
  return data;
}

int main(void)
{
  pthread_t thread;
  pthread_create(&thread, NULL, test_func, NULL);
  pthread_detach(thread);
  pthread_cancel(thread);
  pthread_join(thread, NULL);
  pthread_atfork(NULL, NULL, NULL);
  pthread_exit(NULL);

  return 0;
}

Determining if the function pthread_create exists in the pthreads failed with the following output:
Change Dir: /home/haost/Рабочий стол/algo/build/CMakeFiles/CMakeTmp

Run Build Command(s):/usr/bin/make cmTC_78916/fast && /usr/bin/make  -f CMakeFiles/cmTC_78916.dir/build.make CMakeFiles/cmTC_78916.dir/build
make[1]: вход в каталог «/home/haost/Рабочий стол/algo/build/CMakeFiles/CMakeTmp»
Building C object CMakeFiles/cmTC_78916.dir/CheckFunctionExists.c.o
/usr/bin/cc   -DCHECK_FUNCTION_EXISTS=pthread_create -o CMakeFiles/cmTC_78916.dir/CheckFunctionExists.c.o -c /snap/cmake/619/share/cmake-3.18/Modules/CheckFunctionExists.c
Linking C executable cmTC_78916
/snap/cmake/619/bin/cmake -E cmake_link_script CMakeFiles/cmTC_78916.dir/link.txt --verbose=1
/usr/bin/cc  -DCHECK_FUNCTION_EXISTS=pthread_create -rdynamic CMakeFiles/cmTC_78916.dir/CheckFunctionExists.c.o -o cmTC_78916  -lpthreads 
/usr/bin/ld: невозможно найти -lpthreads
collect2: error: ld returned 1 exit status
make[1]: *** [CMakeFiles/cmTC_78916.dir/build.make:106: cmTC_78916] Ошибка 1
make[1]: выход из каталога «/home/haost/Рабочий стол/algo/build/CMakeFiles/CMakeTmp»
make: *** [Makefile:140: cmTC_78916/fast] Ошибка 2



